<?xml version="1.0" encoding="UTF-8"?>
<!-- Generated by org.testng.reporters.JUnitXMLReporter -->
<testsuite ignored="1" hostname="ASUS-VIVOS15" failures="0" tests="3" name="Assignment" time="45.547" errors="0" timestamp="2023-12-15T13:03:06 IST">
  <testcase classname="TestNG_Package.TestNGConcepts" name="testLogoPresence" time="0.052"/>
  <testcase classname="TestNG_Package.TestNGConcepts" name="testRequestDemoButton" time="0.044"/>
  <testcase classname="TestNG_Package.TestNGConcepts" name="testNavigationLinks" time="31.777"/>
  <testcase classname="TestNG_Package.TestNGConcepts" name="testmethod" time="0.0">
    <ignored/>
  </testcase> <!-- testmethod -->
</testsuite> <!-- Assignment -->
