<?xml version="1.0" encoding="UTF-8"?>
<testng-results ignored="0" total="3" passed="3" failed="0" skipped="0">
  <reporter-output>
  </reporter-output>
  <suite started-at="2023-12-15T13:02:21 IST" name="SDET_Comprehensive_Assignment_JavaPythonProject" finished-at="2023-12-15T13:03:06 IST" duration-ms="45547">
    <groups>
    </groups>
    <test started-at="2023-12-15T13:02:21 IST" name="Assignment" finished-at="2023-12-15T13:03:06 IST" duration-ms="45547">
      <class name="TestNG_Package.TestNGConcepts">
        <test-method is-config="true" signature="setup()[pri:0, instance:TestNG_Package.TestNGConcepts@496bc455]" started-at="2023-12-15T13:02:21 IST" name="setup" finished-at="2023-12-15T13:02:34 IST" duration-ms="13216" status="PASS">
          <reporter-output>
          </reporter-output>
        </test-method> <!-- setup -->
        <test-method signature="testLogoPresence()[pri:1, instance:TestNG_Package.TestNGConcepts@496bc455]" started-at="2023-12-15T13:02:34 IST" name="testLogoPresence" finished-at="2023-12-15T13:02:34 IST" duration-ms="52" status="PASS">
          <reporter-output>
          </reporter-output>
        </test-method> <!-- testLogoPresence -->
        <test-method signature="testRequestDemoButton()[pri:3, instance:TestNG_Package.TestNGConcepts@496bc455]" started-at="2023-12-15T13:02:34 IST" name="testRequestDemoButton" finished-at="2023-12-15T13:02:34 IST" duration-ms="44" status="PASS">
          <reporter-output>
          </reporter-output>
        </test-method> <!-- testRequestDemoButton -->
        <test-method signature="testNavigationLinks()[pri:4, instance:TestNG_Package.TestNGConcepts@496bc455]" started-at="2023-12-15T13:02:34 IST" name="testNavigationLinks" finished-at="2023-12-15T13:03:06 IST" duration-ms="31777" status="PASS">
          <reporter-output>
          </reporter-output>
        </test-method> <!-- testNavigationLinks -->
        <test-method is-config="true" signature="teardown()[pri:0, instance:TestNG_Package.TestNGConcepts@496bc455]" started-at="2023-12-15T13:03:06 IST" name="teardown" finished-at="2023-12-15T13:03:06 IST" duration-ms="407" status="PASS">
          <reporter-output>
          </reporter-output>
        </test-method> <!-- teardown -->
      </class> <!-- TestNG_Package.TestNGConcepts -->
    </test> <!-- Assignment -->
  </suite> <!-- SDET_Comprehensive_Assignment_JavaPythonProject -->
</testng-results>
